#
# A fatal error has been detected by the Java Runtime Environment:
#
#  EXCEPTION_ACCESS_VIOLATION (0xc0000005) at pc=0x000000005ebd10a0, pid=9772, tid=8932
#
# JRE version: OpenJDK Runtime Environment (11.0.3+12) (build 11.0.3+12-b304.56)
# Java VM: OpenJDK 64-Bit Server VM (11.0.3+12-b304.56, mixed mode, tiered, compressed oops, g1 gc, windows-amd64)
# Problematic frame:
# C  [nvoglv64.DLL+0x10310a0]
#
# No core dump will be written. Minidumps are not enabled by default on client versions of Windows
#
# If you would like to submit a bug report, please visit:
#   http://bugreport.java.com/bugreport/crash.jsp
# The crash happened outside the Java Virtual Machine in native code.
# See problematic frame for where to report the bug.
#

---------------  S U M M A R Y ------------

Command Line: -Djava.library.path=C:\Users\maglew\IdeaProjects\GodFace\lib\natives -javaagent:C:\Program Files\JetBrains\IntelliJ IDEA Community Edition 2019.2\lib\idea_rt.jar=50442:C:\Program Files\JetBrains\IntelliJ IDEA Community Edition 2019.2\bin -Dfile.encoding=UTF-8 core.Launcher

Host: AMD Athlon(tm) II X4 631 Quad-Core Processor, 4 cores, 7G,  Windows 10 , 64 bit Build 18362 (10.0.18362.329)
Time: Sat Oct 12 19:37:08 2019 RTZ 2 (ceia) elapsed time: 5 seconds (0d 0h 0m 5s)

---------------  T H R E A D  ---------------

Current thread (0x0000027389e27800):  JavaThread "main" [_thread_in_native, id=8932, stack(0x0000009cecd00000,0x0000009cece00000)]

Stack: [0x0000009cecd00000,0x0000009cece00000],  sp=0x0000009cecdff258,  free space=1020k
Native frames: (J=compiled Java code, j=interpreted, Vv=VM code, C=native code)
C  [nvoglv64.DLL+0x10310a0]

Java frames: (J=compiled Java code, j=interpreted, Vv=VM code)
j  org.lwjgl.opengl.GL11.nglDrawArrays(IIIJ)V+0
j  org.lwjgl.opengl.GL11.glDrawArrays(III)V+20
j  fontRendering.FontRenderer.renderText(LfontMeshCreator/GUIText;)V+43
j  fontRendering.FontRenderer.render(Ljava/util/Map;)V+92
j  fontRendering.TextMaster.render()V+6
j  states.MenuState.render()V+0
j  core.GameLoop.render()V+9
j  core.GameLoop.loop()V+11
j  core.GameLoop.init()V+74
j  core.Launcher.main([Ljava/lang/String;)V+9
v  ~StubRoutines::call_stub

siginfo: EXCEPTION_ACCESS_VIOLATION (0xc0000005), reading address 0x0000000000000000


Register to memory mapping:

RIP=0x000000005ebd10a0 nvoglv64.DLL
RAX=0x0000000000000300 is an unknown value
RBX=0x00000273a565daa8 points into unknown readable memory: 00 00 00 00 00 00 00 00
RCX=0x00000273ab0ae658 points into unknown readable memory: 00 00 00 00 00 00 00 00
RDX=0xfffffd8c54f519a8 is an unknown value
RSP=0x0000009cecdff258 is pointing into the stack for thread: 0x0000027389e27800
RBP=0x0000000000000003 is an unknown value
RSI=0x0000000000000030 is an unknown value
RDI=0x00000273ab0ae658 points into unknown readable memory: 00 00 00 00 00 00 00 00
R8 =0x0000000000000300 is an unknown value
R9 =0x0000000000000030 is an unknown value
R10=0x0 is NULL
R11=0x00000273ab0ae658 points into unknown readable memory: 00 00 00 00 00 00 00 00
R12=0x0 is NULL
R13=0x000000005dba0000 nvoglv64.DLL
R14=0x0 is NULL
R15=0x00000273a565d828 points into unknown readable memory: 04 00 00 00 00 00 00 00


Registers:
RAX=0x0000000000000300, RBX=0x00000273a565daa8, RCX=0x00000273ab0ae658, RDX=0xfffffd8c54f519a8
RSP=0x0000009cecdff258, RBP=0x0000000000000003, RSI=0x0000000000000030, RDI=0x00000273ab0ae658
R8 =0x0000000000000300, R9 =0x0000000000000030, R10=0x0000000000000000, R11=0x00000273ab0ae658
R12=0x0000000000000000, R13=0x000000005dba0000, R14=0x0000000000000000, R15=0x00000273a565d828
RIP=0x000000005ebd10a0, EFLAGS=0x0000000000010202

Top of Stack: (sp=0x0000009cecdff258)
0x0000009cecdff258:   000000005e7202fa 00000273a565d080
0x0000009cecdff268:   0000000000000001 0000000087599be8
0x0000009cecdff278:   000000005e5b872b 0000027389e27800
0x0000009cecdff288:   0000000000000030 0000000000000000
0x0000009cecdff298:   000000000030810b 00000273a565d828
0x0000009cecdff2a8:   000000005e7210e2 00000273a565d080
0x0000009cecdff2b8:   0000000000000004 0000000000000000
0x0000009cecdff2c8:   000002738dcd9e03 0000027389e27800
0x0000009cecdff2d8:   0000009cecdff3d8 00000273a45c91d0
0x0000009cecdff2e8:   0000000000000000 0000000000002775
0x0000009cecdff2f8:   000002738dcdee42 00000273a45c91d0
0x0000009cecdff308:   0000009cecdff398 0000000000000150
0x0000009cecdff318:   0000009cecdff388 0000027300000030
0x0000009cecdff328:   000000005e6731f0 00000000875d4768
0x0000009cecdff338:   00000273abb89130 0000000000000000
0x0000009cecdff348:   0000009cecdff378 0000009cecdff350 

Instructions: (pc=0x000000005ebd10a0)
0x000000005ebd1080:   4c 8b 02 8b 4a 08 44 0f b7 4a 0c 44 0f b6 52 0e
0x000000005ebd1090:   4c 89 00 89 48 08 66 44 89 48 0c 44 88 50 0e c3
0x000000005ebd10a0:   0f 10 04 0a 4c 03 c1 48 83 c1 10 41 f6 c3 0f 74
0x000000005ebd10b0:   13 0f 28 c8 48 83 e1 f0 0f 10 04 0a 48 83 c1 10 


Stack slot to memory mapping:
stack at sp + 0 slots: 0x000000005e7202fa nvoglv64.DLL
stack at sp + 1 slots: 0x00000273a565d080 points into unknown readable memory: 00 00 00 00 00 00 00 00
stack at sp + 2 slots: 0x0000000000000001 is an unknown value
stack at sp + 3 slots: 0x0000000087599be8 is an oop: org.lwjgl.opengl.FastIntMap 
{0x0000000087599be8} - klass: 'org/lwjgl/opengl/FastIntMap'
stack at sp + 4 slots: 0x000000005e5b872b nvoglv64.DLL
stack at sp + 5 slots: 0x0000027389e27800 is a thread
stack at sp + 6 slots: 0x0000000000000030 is an unknown value
stack at sp + 7 slots: 0x0 is NULL


---------------  P R O C E S S  ---------------

Threads class SMR info:
_java_thread_list=0x00000273aaf88c10, length=13, elements={
0x0000027389e27800, 0x00000273a4605800, 0x00000273a460e800, 0x00000273a465b000,
0x00000273a465c000, 0x00000273a4660000, 0x00000273a4664000, 0x00000273a3dc8800,
0x00000273a473a800, 0x00000273a49b0800, 0x00000273a49b1800, 0x00000273aad5c800,
0x00000273ab516000
}

Java Threads: ( => current thread )
=>0x0000027389e27800 JavaThread "main" [_thread_in_native, id=8932, stack(0x0000009cecd00000,0x0000009cece00000)]
  0x00000273a4605800 JavaThread "Reference Handler" daemon [_thread_blocked, id=6404, stack(0x0000009ced400000,0x0000009ced500000)]
  0x00000273a460e800 JavaThread "Finalizer" daemon [_thread_blocked, id=8096, stack(0x0000009ced500000,0x0000009ced600000)]
  0x00000273a465b000 JavaThread "Signal Dispatcher" daemon [_thread_blocked, id=8444, stack(0x0000009ced600000,0x0000009ced700000)]
  0x00000273a465c000 JavaThread "Attach Listener" daemon [_thread_blocked, id=2024, stack(0x0000009ced700000,0x0000009ced800000)]
  0x00000273a4660000 JavaThread "C2 CompilerThread0" daemon [_thread_blocked, id=8216, stack(0x0000009ced800000,0x0000009ced900000)]
  0x00000273a4664000 JavaThread "C1 CompilerThread0" daemon [_thread_blocked, id=9088, stack(0x0000009ced900000,0x0000009ceda00000)]
  0x00000273a3dc8800 JavaThread "Sweeper thread" daemon [_thread_blocked, id=1464, stack(0x0000009ceda00000,0x0000009cedb00000)]
  0x00000273a473a800 JavaThread "Common-Cleaner" daemon [_thread_blocked, id=5184, stack(0x0000009cedb00000,0x0000009cedc00000)]
  0x00000273a49b0800 JavaThread "Monitor Ctrl-Break" daemon [_thread_in_native, id=8788, stack(0x0000009cedc00000,0x0000009cedd00000)]
  0x00000273a49b1800 JavaThread "Service Thread" daemon [_thread_blocked, id=8532, stack(0x0000009cedd00000,0x0000009cede00000)]
  0x00000273aad5c800 JavaThread "Java2D Disposer" daemon [_thread_blocked, id=6256, stack(0x0000009cee600000,0x0000009cee700000)]
  0x00000273ab516000 JavaThread "LWJGL Timer" daemon [_thread_blocked, id=7016, stack(0x0000009ceea00000,0x0000009ceeb00000)]

Other Threads:
  0x00000273a3db8800 VMThread "VM Thread" [stack: 0x0000009ced300000,0x0000009ced400000] [id=5608]
  0x00000273a49b2000 WatcherThread [stack: 0x0000009cede00000,0x0000009cedf00000] [id=9328]
  0x0000027389e3f800 GCTaskThread "GC Thread#0" [stack: 0x0000009cece00000,0x0000009cecf00000] [id=9816]
  0x00000273ab481000 GCTaskThread "GC Thread#1" [stack: 0x0000009cee800000,0x0000009cee900000] [id=1172]
  0x00000273ab3cf800 GCTaskThread "GC Thread#2" [stack: 0x0000009cee900000,0x0000009ceea00000] [id=9428]
  0x0000027389e70000 ConcurrentGCThread "G1 Main Marker" [stack: 0x0000009cecf00000,0x0000009ced000000] [id=3784]
  0x0000027389e72000 ConcurrentGCThread "G1 Conc#0" [stack: 0x0000009ced000000,0x0000009ced100000] [id=68]
  0x00000273a3c20800 ConcurrentGCThread "G1 Refine#0" [stack: 0x0000009ced100000,0x0000009ced200000] [id=804]
  0x00000273a3c21000 ConcurrentGCThread "G1 Young RemSet Sampling" [stack: 0x0000009ced200000,0x0000009ced300000] [id=8436]

Threads with active compile tasks:

VM state:not at safepoint (normal execution)

VM Mutex/Monitor currently owned by a thread: None

Heap address: 0x0000000080400000, size: 2044 MB, Compressed Oops mode: 32-bit
Narrow klass base: 0x0000000000000000, Narrow klass shift: 3
Compressed class space size: 1073741824 Address: 0x0000000100000000

Heap:
 garbage-first heap   total 131072K, used 3452K [0x0000000080400000, 0x0000000100000000)
  region size 1024K, 4 young (4096K), 2 survivors (2048K)
 Metaspace       used 12111K, capacity 12339K, committed 12416K, reserved 1060864K
  class space    used 1064K, capacity 1124K, committed 1152K, reserved 1048576K
Heap Regions: E=young(eden), S=young(survivor), O=old, HS=humongous(starts), HC=humongous(continues), CS=collection set, F=free, A=archive, TAMS=top-at-mark-start (previous, next)
|   0|0x0000000080400000, 0x000000008045f200, 0x0000000080500000| 37%| O|  |TAMS 0x0000000080400000, 0x0000000080400000| Untracked 
|   1|0x0000000080500000, 0x0000000080500000, 0x0000000080600000|  0%| F|  |TAMS 0x0000000080500000, 0x0000000080500000| Untracked 
|   2|0x0000000080600000, 0x0000000080600000, 0x0000000080700000|  0%| F|  |TAMS 0x0000000080600000, 0x0000000080600000| Untracked 
|   3|0x0000000080700000, 0x0000000080700000, 0x0000000080800000|  0%| F|  |TAMS 0x0000000080700000, 0x0000000080700000| Untracked 
|   4|0x0000000080800000, 0x0000000080800000, 0x0000000080900000|  0%| F|  |TAMS 0x0000000080800000, 0x0000000080800000| Untracked 
|   5|0x0000000080900000, 0x0000000080900000, 0x0000000080a00000|  0%| F|  |TAMS 0x0000000080900000, 0x0000000080900000| Untracked 
|   6|0x0000000080a00000, 0x0000000080a00000, 0x0000000080b00000|  0%| F|  |TAMS 0x0000000080a00000, 0x0000000080a00000| Untracked 
|   7|0x0000000080b00000, 0x0000000080b00000, 0x0000000080c00000|  0%| F|  |TAMS 0x0000000080b00000, 0x0000000080b00000| Untracked 
|   8|0x0000000080c00000, 0x0000000080c00000, 0x0000000080d00000|  0%| F|  |TAMS 0x0000000080c00000, 0x0000000080c00000| Untracked 
|   9|0x0000000080d00000, 0x0000000080d00000, 0x0000000080e00000|  0%| F|  |TAMS 0x0000000080d00000, 0x0000000080d00000| Untracked 
|  10|0x0000000080e00000, 0x0000000080e00000, 0x0000000080f00000|  0%| F|  |TAMS 0x0000000080e00000, 0x0000000080e00000| Untracked 
|  11|0x0000000080f00000, 0x0000000080f00000, 0x0000000081000000|  0%| F|  |TAMS 0x0000000080f00000, 0x0000000080f00000| Untracked 
|  12|0x0000000081000000, 0x0000000081000000, 0x0000000081100000|  0%| F|  |TAMS 0x0000000081000000, 0x0000000081000000| Untracked 
|  13|0x0000000081100000, 0x0000000081100000, 0x0000000081200000|  0%| F|  |TAMS 0x0000000081100000, 0x0000000081100000| Untracked 
|  14|0x0000000081200000, 0x0000000081200000, 0x0000000081300000|  0%| F|  |TAMS 0x0000000081200000, 0x0000000081200000| Untracked 
|  15|0x0000000081300000, 0x0000000081300000, 0x0000000081400000|  0%| F|  |TAMS 0x0000000081300000, 0x0000000081300000| Untracked 
|  16|0x0000000081400000, 0x0000000081400000, 0x0000000081500000|  0%| F|  |TAMS 0x0000000081400000, 0x0000000081400000| Untracked 
|  17|0x0000000081500000, 0x0000000081500000, 0x0000000081600000|  0%| F|  |TAMS 0x0000000081500000, 0x0000000081500000| Untracked 
|  18|0x0000000081600000, 0x0000000081600000, 0x0000000081700000|  0%| F|  |TAMS 0x0000000081600000, 0x0000000081600000| Untracked 
|  19|0x0000000081700000, 0x0000000081700000, 0x0000000081800000|  0%| F|  |TAMS 0x0000000081700000, 0x0000000081700000| Untracked 
|  20|0x0000000081800000, 0x0000000081800000, 0x0000000081900000|  0%| F|  |TAMS 0x0000000081800000, 0x0000000081800000| Untracked 
|  21|0x0000000081900000, 0x0000000081900000, 0x0000000081a00000|  0%| F|  |TAMS 0x0000000081900000, 0x0000000081900000| Untracked 
|  22|0x0000000081a00000, 0x0000000081a00000, 0x0000000081b00000|  0%| F|  |TAMS 0x0000000081a00000, 0x0000000081a00000| Untracked 
|  23|0x0000000081b00000, 0x0000000081b00000, 0x0000000081c00000|  0%| F|  |TAMS 0x0000000081b00000, 0x0000000081b00000| Untracked 
|  24|0x0000000081c00000, 0x0000000081c00000, 0x0000000081d00000|  0%| F|  |TAMS 0x0000000081c00000, 0x0000000081c00000| Untracked 
|  25|0x0000000081d00000, 0x0000000081d00000, 0x0000000081e00000|  0%| F|  |TAMS 0x0000000081d00000, 0x0000000081d00000| Untracked 
|  26|0x0000000081e00000, 0x0000000081e00000, 0x0000000081f00000|  0%| F|  |TAMS 0x0000000081e00000, 0x0000000081e00000| Untracked 
|  27|0x0000000081f00000, 0x0000000081f00000, 0x0000000082000000|  0%| F|  |TAMS 0x0000000081f00000, 0x0000000081f00000| Untracked 
|  28|0x0000000082000000, 0x0000000082000000, 0x0000000082100000|  0%| F|  |TAMS 0x0000000082000000, 0x0000000082000000| Untracked 
|  29|0x0000000082100000, 0x0000000082100000, 0x0000000082200000|  0%| F|  |TAMS 0x0000000082100000, 0x0000000082100000| Untracked 
|  30|0x0000000082200000, 0x0000000082200000, 0x0000000082300000|  0%| F|  |TAMS 0x0000000082200000, 0x0000000082200000| Untracked 
|  31|0x0000000082300000, 0x0000000082300000, 0x0000000082400000|  0%| F|  |TAMS 0x0000000082300000, 0x0000000082300000| Untracked 
|  32|0x0000000082400000, 0x0000000082400000, 0x0000000082500000|  0%| F|  |TAMS 0x0000000082400000, 0x0000000082400000| Untracked 
|  33|0x0000000082500000, 0x0000000082500000, 0x0000000082600000|  0%| F|  |TAMS 0x0000000082500000, 0x0000000082500000| Untracked 
|  34|0x0000000082600000, 0x0000000082600000, 0x0000000082700000|  0%| F|  |TAMS 0x0000000082600000, 0x0000000082600000| Untracked 
|  35|0x0000000082700000, 0x0000000082700000, 0x0000000082800000|  0%| F|  |TAMS 0x0000000082700000, 0x0000000082700000| Untracked 
|  36|0x0000000082800000, 0x0000000082800000, 0x0000000082900000|  0%| F|  |TAMS 0x0000000082800000, 0x0000000082800000| Untracked 
|  37|0x0000000082900000, 0x0000000082900000, 0x0000000082a00000|  0%| F|  |TAMS 0x0000000082900000, 0x0000000082900000| Untracked 
|  38|0x0000000082a00000, 0x0000000082a00000, 0x0000000082b00000|  0%| F|  |TAMS 0x0000000082a00000, 0x0000000082a00000| Untracked 
|  39|0x0000000082b00000, 0x0000000082b00000, 0x0000000082c00000|  0%| F|  |TAMS 0x0000000082b00000, 0x0000000082b00000| Untracked 
|  40|0x0000000082c00000, 0x0000000082c00000, 0x0000000082d00000|  0%| F|  |TAMS 0x0000000082c00000, 0x0000000082c00000| Untracked 
|  41|0x0000000082d00000, 0x0000000082d00000, 0x0000000082e00000|  0%| F|  |TAMS 0x0000000082d00000, 0x0000000082d00000| Untracked 
|  42|0x0000000082e00000, 0x0000000082e00000, 0x0000000082f00000|  0%| F|  |TAMS 0x0000000082e00000, 0x0000000082e00000| Untracked 
|  43|0x0000000082f00000, 0x0000000082f00000, 0x0000000083000000|  0%| F|  |TAMS 0x0000000082f00000, 0x0000000082f00000| Untracked 
|  44|0x0000000083000000, 0x0000000083000000, 0x0000000083100000|  0%| F|  |TAMS 0x0000000083000000, 0x0000000083000000| Untracked 
|  45|0x0000000083100000, 0x0000000083100000, 0x0000000083200000|  0%| F|  |TAMS 0x0000000083100000, 0x0000000083100000| Untracked 
|  46|0x0000000083200000, 0x0000000083200000, 0x0000000083300000|  0%| F|  |TAMS 0x0000000083200000, 0x0000000083200000| Untracked 
|  47|0x0000000083300000, 0x0000000083300000, 0x0000000083400000|  0%| F|  |TAMS 0x0000000083300000, 0x0000000083300000| Untracked 
|  48|0x0000000083400000, 0x0000000083400000, 0x0000000083500000|  0%| F|  |TAMS 0x0000000083400000, 0x0000000083400000| Untracked 
|  49|0x0000000083500000, 0x0000000083500000, 0x0000000083600000|  0%| F|  |TAMS 0x0000000083500000, 0x0000000083500000| Untracked 
|  50|0x0000000083600000, 0x0000000083600000, 0x0000000083700000|  0%| F|  |TAMS 0x0000000083600000, 0x0000000083600000| Untracked 
|  51|0x0000000083700000, 0x0000000083700000, 0x0000000083800000|  0%| F|  |TAMS 0x0000000083700000, 0x0000000083700000| Untracked 
|  52|0x0000000083800000, 0x0000000083800000, 0x0000000083900000|  0%| F|  |TAMS 0x0000000083800000, 0x0000000083800000| Untracked 
|  53|0x0000000083900000, 0x0000000083900000, 0x0000000083a00000|  0%| F|  |TAMS 0x0000000083900000, 0x0000000083900000| Untracked 
|  54|0x0000000083a00000, 0x0000000083a00000, 0x0000000083b00000|  0%| F|  |TAMS 0x0000000083a00000, 0x0000000083a00000| Untracked 
|  55|0x0000000083b00000, 0x0000000083b00000, 0x0000000083c00000|  0%| F|  |TAMS 0x0000000083b00000, 0x0000000083b00000| Untracked 
|  56|0x0000000083c00000, 0x0000000083c00000, 0x0000000083d00000|  0%| F|  |TAMS 0x0000000083c00000, 0x0000000083c00000| Untracked 
|  57|0x0000000083d00000, 0x0000000083d00000, 0x0000000083e00000|  0%| F|  |TAMS 0x0000000083d00000, 0x0000000083d00000| Untracked 
|  58|0x0000000083e00000, 0x0000000083e00000, 0x0000000083f00000|  0%| F|  |TAMS 0x0000000083e00000, 0x0000000083e00000| Untracked 
|  59|0x0000000083f00000, 0x0000000083f00000, 0x0000000084000000|  0%| F|  |TAMS 0x0000000083f00000, 0x0000000083f00000| Untracked 
|  60|0x0000000084000000, 0x0000000084000000, 0x0000000084100000|  0%| F|  |TAMS 0x0000000084000000, 0x0000000084000000| Untracked 
|  61|0x0000000084100000, 0x0000000084100000, 0x0000000084200000|  0%| F|  |TAMS 0x0000000084100000, 0x0000000084100000| Untracked 
|  62|0x0000000084200000, 0x0000000084200000, 0x0000000084300000|  0%| F|  |TAMS 0x0000000084200000, 0x0000000084200000| Untracked 
|  63|0x0000000084300000, 0x0000000084300000, 0x0000000084400000|  0%| F|  |TAMS 0x0000000084300000, 0x0000000084300000| Untracked 
|  64|0x0000000084400000, 0x0000000084400000, 0x0000000084500000|  0%| F|  |TAMS 0x0000000084400000, 0x0000000084400000| Untracked 
|  65|0x0000000084500000, 0x0000000084500000, 0x0000000084600000|  0%| F|  |TAMS 0x0000000084500000, 0x0000000084500000| Untracked 
|  66|0x0000000084600000, 0x0000000084600000, 0x0000000084700000|  0%| F|  |TAMS 0x0000000084600000, 0x0000000084600000| Untracked 
|  67|0x0000000084700000, 0x0000000084700000, 0x0000000084800000|  0%| F|  |TAMS 0x0000000084700000, 0x0000000084700000| Untracked 
|  68|0x0000000084800000, 0x0000000084800000, 0x0000000084900000|  0%| F|  |TAMS 0x0000000084800000, 0x0000000084800000| Untracked 
|  69|0x0000000084900000, 0x0000000084900000, 0x0000000084a00000|  0%| F|  |TAMS 0x0000000084900000, 0x0000000084900000| Untracked 
|  70|0x0000000084a00000, 0x0000000084a00000, 0x0000000084b00000|  0%| F|  |TAMS 0x0000000084a00000, 0x0000000084a00000| Untracked 
|  71|0x0000000084b00000, 0x0000000084b00000, 0x0000000084c00000|  0%| F|  |TAMS 0x0000000084b00000, 0x0000000084b00000| Untracked 
|  72|0x0000000084c00000, 0x0000000084c00000, 0x0000000084d00000|  0%| F|  |TAMS 0x0000000084c00000, 0x0000000084c00000| Untracked 
|  73|0x0000000084d00000, 0x0000000084d00000, 0x0000000084e00000|  0%| F|  |TAMS 0x0000000084d00000, 0x0000000084d00000| Untracked 
|  74|0x0000000084e00000, 0x0000000084e00000, 0x0000000084f00000|  0%| F|  |TAMS 0x0000000084e00000, 0x0000000084e00000| Untracked 
|  75|0x0000000084f00000, 0x0000000084f00000, 0x0000000085000000|  0%| F|  |TAMS 0x0000000084f00000, 0x0000000084f00000| Untracked 
|  76|0x0000000085000000, 0x0000000085000000, 0x0000000085100000|  0%| F|  |TAMS 0x0000000085000000, 0x0000000085000000| Untracked 
|  77|0x0000000085100000, 0x0000000085100000, 0x0000000085200000|  0%| F|  |TAMS 0x0000000085100000, 0x0000000085100000| Untracked 
|  78|0x0000000085200000, 0x0000000085200000, 0x0000000085300000|  0%| F|  |TAMS 0x0000000085200000, 0x0000000085200000| Untracked 
|  79|0x0000000085300000, 0x0000000085300000, 0x0000000085400000|  0%| F|  |TAMS 0x0000000085300000, 0x0000000085300000| Untracked 
|  80|0x0000000085400000, 0x0000000085400000, 0x0000000085500000|  0%| F|  |TAMS 0x0000000085400000, 0x0000000085400000| Untracked 
|  81|0x0000000085500000, 0x0000000085500000, 0x0000000085600000|  0%| F|  |TAMS 0x0000000085500000, 0x0000000085500000| Untracked 
|  82|0x0000000085600000, 0x0000000085600000, 0x0000000085700000|  0%| F|  |TAMS 0x0000000085600000, 0x0000000085600000| Untracked 
|  83|0x0000000085700000, 0x0000000085700000, 0x0000000085800000|  0%| F|  |TAMS 0x0000000085700000, 0x0000000085700000| Untracked 
|  84|0x0000000085800000, 0x0000000085800000, 0x0000000085900000|  0%| F|  |TAMS 0x0000000085800000, 0x0000000085800000| Untracked 
|  85|0x0000000085900000, 0x0000000085900000, 0x0000000085a00000|  0%| F|  |TAMS 0x0000000085900000, 0x0000000085900000| Untracked 
|  86|0x0000000085a00000, 0x0000000085a00000, 0x0000000085b00000|  0%| F|  |TAMS 0x0000000085a00000, 0x0000000085a00000| Untracked 
|  87|0x0000000085b00000, 0x0000000085b00000, 0x0000000085c00000|  0%| F|  |TAMS 0x0000000085b00000, 0x0000000085b00000| Untracked 
|  88|0x0000000085c00000, 0x0000000085c00000, 0x0000000085d00000|  0%| F|  |TAMS 0x0000000085c00000, 0x0000000085c00000| Untracked 
|  89|0x0000000085d00000, 0x0000000085d00000, 0x0000000085e00000|  0%| F|  |TAMS 0x0000000085d00000, 0x0000000085d00000| Untracked 
|  90|0x0000000085e00000, 0x0000000085e00000, 0x0000000085f00000|  0%| F|  |TAMS 0x0000000085e00000, 0x0000000085e00000| Untracked 
|  91|0x0000000085f00000, 0x0000000085f00000, 0x0000000086000000|  0%| F|  |TAMS 0x0000000085f00000, 0x0000000085f00000| Untracked 
|  92|0x0000000086000000, 0x0000000086000000, 0x0000000086100000|  0%| F|  |TAMS 0x0000000086000000, 0x0000000086000000| Untracked 
|  93|0x0000000086100000, 0x0000000086100000, 0x0000000086200000|  0%| F|  |TAMS 0x0000000086100000, 0x0000000086100000| Untracked 
|  94|0x0000000086200000, 0x0000000086200000, 0x0000000086300000|  0%| F|  |TAMS 0x0000000086200000, 0x0000000086200000| Untracked 
|  95|0x0000000086300000, 0x0000000086300000, 0x0000000086400000|  0%| F|  |TAMS 0x0000000086300000, 0x0000000086300000| Untracked 
|  96|0x0000000086400000, 0x0000000086400000, 0x0000000086500000|  0%| F|  |TAMS 0x0000000086400000, 0x0000000086400000| Untracked 
|  97|0x0000000086500000, 0x0000000086500000, 0x0000000086600000|  0%| F|  |TAMS 0x0000000086500000, 0x0000000086500000| Untracked 
|  98|0x0000000086600000, 0x0000000086600000, 0x0000000086700000|  0%| F|  |TAMS 0x0000000086600000, 0x0000000086600000| Untracked 
|  99|0x0000000086700000, 0x0000000086700000, 0x0000000086800000|  0%| F|  |TAMS 0x0000000086700000, 0x0000000086700000| Untracked 
| 100|0x0000000086800000, 0x0000000086800000, 0x0000000086900000|  0%| F|  |TAMS 0x0000000086800000, 0x0000000086800000| Untracked 
| 101|0x0000000086900000, 0x0000000086900000, 0x0000000086a00000|  0%| F|  |TAMS 0x0000000086900000, 0x0000000086900000| Untracked 
| 102|0x0000000086a00000, 0x0000000086a00000, 0x0000000086b00000|  0%| F|  |TAMS 0x0000000086a00000, 0x0000000086a00000| Untracked 
| 103|0x0000000086b00000, 0x0000000086b00000, 0x0000000086c00000|  0%| F|  |TAMS 0x0000000086b00000, 0x0000000086b00000| Untracked 
| 104|0x0000000086c00000, 0x0000000086c00000, 0x0000000086d00000|  0%| F|  |TAMS 0x0000000086c00000, 0x0000000086c00000| Untracked 
| 105|0x0000000086d00000, 0x0000000086d00000, 0x0000000086e00000|  0%| F|  |TAMS 0x0000000086d00000, 0x0000000086d00000| Untracked 
| 106|0x0000000086e00000, 0x0000000086e00000, 0x0000000086f00000|  0%| F|  |TAMS 0x0000000086e00000, 0x0000000086e00000| Untracked 
| 107|0x0000000086f00000, 0x0000000086f00000, 0x0000000087000000|  0%| F|  |TAMS 0x0000000086f00000, 0x0000000086f00000| Untracked 
| 108|0x0000000087000000, 0x0000000087000000, 0x0000000087100000|  0%| F|  |TAMS 0x0000000087000000, 0x0000000087000000| Untracked 
| 109|0x0000000087100000, 0x0000000087100000, 0x0000000087200000|  0%| F|  |TAMS 0x0000000087100000, 0x0000000087100000| Untracked 
| 110|0x0000000087200000, 0x0000000087200000, 0x0000000087300000|  0%| F|  |TAMS 0x0000000087200000, 0x0000000087200000| Untracked 
| 111|0x0000000087300000, 0x0000000087300000, 0x0000000087400000|  0%| F|  |TAMS 0x0000000087300000, 0x0000000087300000| Untracked 
| 112|0x0000000087400000, 0x0000000087500000, 0x0000000087500000|100%| S|CS|TAMS 0x0000000087400000, 0x0000000087400000| Complete 
| 113|0x0000000087500000, 0x0000000087600000, 0x0000000087600000|100%| S|CS|TAMS 0x0000000087500000, 0x0000000087500000| Complete 
| 114|0x0000000087600000, 0x0000000087600000, 0x0000000087700000|  0%| F|  |TAMS 0x0000000087600000, 0x0000000087600000| Untracked 
| 115|0x0000000087700000, 0x0000000087700000, 0x0000000087800000|  0%| F|  |TAMS 0x0000000087700000, 0x0000000087700000| Untracked 
| 116|0x0000000087800000, 0x0000000087800000, 0x0000000087900000|  0%| F|  |TAMS 0x0000000087800000, 0x0000000087800000| Untracked 
| 117|0x0000000087900000, 0x0000000087900000, 0x0000000087a00000|  0%| F|  |TAMS 0x0000000087900000, 0x0000000087900000| Untracked 
| 118|0x0000000087a00000, 0x0000000087a00000, 0x0000000087b00000|  0%| F|  |TAMS 0x0000000087a00000, 0x0000000087a00000| Untracked 
| 119|0x0000000087b00000, 0x0000000087b00000, 0x0000000087c00000|  0%| F|  |TAMS 0x0000000087b00000, 0x0000000087b00000| Untracked 
| 120|0x0000000087c00000, 0x0000000087c00000, 0x0000000087d00000|  0%| F|  |TAMS 0x0000000087c00000, 0x0000000087c00000| Untracked 
| 121|0x0000000087d00000, 0x0000000087d00000, 0x0000000087e00000|  0%| F|  |TAMS 0x0000000087d00000, 0x0000000087d00000| Untracked 
| 122|0x0000000087e00000, 0x0000000087e00000, 0x0000000087f00000|  0%| F|  |TAMS 0x0000000087e00000, 0x0000000087e00000| Untracked 
| 123|0x0000000087f00000, 0x0000000087f00000, 0x0000000088000000|  0%| F|  |TAMS 0x0000000087f00000, 0x0000000087f00000| Untracked 
| 124|0x0000000088000000, 0x0000000088000000, 0x0000000088100000|  0%| F|  |TAMS 0x0000000088000000, 0x0000000088000000| Untracked 
| 125|0x0000000088100000, 0x0000000088100000, 0x0000000088200000|  0%| F|  |TAMS 0x0000000088100000, 0x0000000088100000| Untracked 
| 126|0x0000000088200000, 0x0000000088300000, 0x0000000088300000|100%| E|  |TAMS 0x0000000088200000, 0x0000000088200000| Complete 
| 127|0x0000000088300000, 0x0000000088400000, 0x0000000088400000|100%| E|CS|TAMS 0x0000000088300000, 0x0000000088300000| Complete 

Card table byte_map: [0x000002739d0d0000,0x000002739d4d0000] _byte_map_base: 0x000002739ccce000

Marking Bits (Prev, Next): (CMBitMap*) 0x0000027389e67108, (CMBitMap*) 0x0000027389e67140
 Prev Bits: [0x000002739d8d0000, 0x000002739f8c0000)
 Next Bits: [0x000002739f8c0000, 0x00000273a18b0000)

Polling page: 0x0000027387d10000

Metaspace:

Usage:
  Non-class:     10.95 MB capacity,    10.79 MB ( 99%) used,   147.79 KB (  1%) free+waste,    19.63 KB ( <1%) overhead. 
      Class:      1.10 MB capacity,     1.04 MB ( 95%) used,    51.06 KB (  5%) free+waste,     8.94 KB ( <1%) overhead. 
       Both:     12.05 MB capacity,    11.83 MB ( 98%) used,   198.85 KB (  2%) free+waste,    28.56 KB ( <1%) overhead. 

Virtual space:
  Non-class space:       12.00 MB reserved,      11.00 MB ( 92%) committed 
      Class space:        1.00 GB reserved,       1.13 MB ( <1%) committed 
             Both:        1.01 GB reserved,      12.13 MB (  1%) committed 

Chunk freelists:
   Non-Class:  49.00 KB
       Class:  28.00 KB
        Both:  77.00 KB

CodeHeap 'non-profiled nmethods': size=120064Kb used=383Kb max_used=383Kb free=119680Kb
 bounds [0x0000027395790000, 0x0000027395a00000, 0x000002739ccd0000]
CodeHeap 'profiled nmethods': size=120000Kb used=1847Kb max_used=1847Kb free=118152Kb
 bounds [0x000002738e260000, 0x000002738e4d0000, 0x0000027395790000]
CodeHeap 'non-nmethods': size=5696Kb used=1163Kb max_used=1182Kb free=4532Kb
 bounds [0x000002738dcd0000, 0x000002738df40000, 0x000002738e260000]
 total_blobs=1875 nmethods=1084 adapters=438
 compilation: enabled
              stopped_count=0, restarted_count=0
 full_count=0

Compilation events (10 events):
Event: 4.619 Thread 0x00000273a4664000 1081       3       org.lwjgl.MemoryUtil::getAddress (9 bytes)
Event: 4.620 Thread 0x00000273a4664000 nmethod 1081 0x000002738e42b190 code [0x000002738e42b360, 0x000002738e42b658]
Event: 4.620 Thread 0x00000273a4664000 1082       3       org.lwjgl.MemoryUtil::getAddress (10 bytes)
Event: 4.621 Thread 0x00000273a4664000 nmethod 1082 0x000002738e42b810 code [0x000002738e42b9e0, 0x000002738e42bc78]
Event: 4.652 Thread 0x00000273a4664000 1083       3       org.lwjgl.opengl.GL20::glUniformMatrix4 (37 bytes)
Event: 4.656 Thread 0x00000273a4664000 nmethod 1083 0x000002738e42be10 code [0x000002738e42c0c0, 0x000002738e42cd00]
Event: 4.819 Thread 0x00000273a4664000 1085   !   3       org.lwjgl.input.Mouse::isGrabbed (17 bytes)
Event: 4.820 Thread 0x00000273a4664000 nmethod 1085 0x000002738e42d210 code [0x000002738e42d3c0, 0x000002738e42d658]
Event: 5.036 Thread 0x00000273a4664000 1086       3       org.lwjgl.util.vector.Matrix4f::translate (166 bytes)
Event: 5.038 Thread 0x00000273a4664000 nmethod 1086 0x000002738e42d710 code [0x000002738e42d900, 0x000002738e42ddb0]

GC Heap History (2 events):
Event: 2.269 GC heap before
{Heap before GC invocations=0 (full 0):
 garbage-first heap   total 131072K, used 13312K [0x0000000080400000, 0x0000000100000000)
  region size 1024K, 14 young (14336K), 0 survivors (0K)
 Metaspace       used 11972K, capacity 12147K, committed 12416K, reserved 1060864K
  class space    used 1054K, capacity 1124K, committed 1152K, reserved 1048576K
}
Event: 2.278 GC heap after
{Heap after GC invocations=1 (full 0):
 garbage-first heap   total 131072K, used 2428K [0x0000000080400000, 0x0000000100000000)
  region size 1024K, 2 young (2048K), 2 survivors (2048K)
 Metaspace       used 11972K, capacity 12147K, committed 12416K, reserved 1060864K
  class space    used 1054K, capacity 1124K, committed 1152K, reserved 1048576K
}

Deoptimization events (9 events):
Event: 0.279 Thread 0x0000027389e27800 Uncommon trap: reason=class_check action=maybe_recompile pc=0x000002739579d82c method=java.util.HashMap.putVal(ILjava/lang/Object;Ljava/lang/Object;ZZ)Ljava/lang/Object; @ 152 c2
Event: 0.283 Thread 0x0000027389e27800 Uncommon trap: reason=class_check action=maybe_recompile pc=0x000002739579d82c method=java.util.HashMap.putVal(ILjava/lang/Object;Ljava/lang/Object;ZZ)Ljava/lang/Object; @ 152 c2
Event: 0.300 Thread 0x0000027389e27800 Uncommon trap: reason=class_check action=maybe_recompile pc=0x000002739579d82c method=java.util.HashMap.putVal(ILjava/lang/Object;Ljava/lang/Object;ZZ)Ljava/lang/Object; @ 152 c2
Event: 0.311 Thread 0x0000027389e27800 Uncommon trap: reason=class_check action=maybe_recompile pc=0x000002739579d82c method=java.util.HashMap.putVal(ILjava/lang/Object;Ljava/lang/Object;ZZ)Ljava/lang/Object; @ 152 c2
Event: 1.037 Thread 0x00000273a465c000 Uncommon trap: reason=unstable_if action=reinterpret pc=0x000002739579e790 method=java.lang.String.isLatin1()Z @ 10 c2
Event: 1.169 Thread 0x0000027389e27800 Uncommon trap: reason=unstable_if action=reinterpret pc=0x00000273957a584c method=java.util.HashMap.putVal(ILjava/lang/Object;Ljava/lang/Object;ZZ)Ljava/lang/Object; @ 181 c2
Event: 2.093 Thread 0x0000027389e27800 Uncommon trap: reason=unstable_if action=reinterpret pc=0x00000273957b6a94 method=java.lang.StringUTF16.compress([CI[BII)I @ 20 c2
Event: 2.093 Thread 0x0000027389e27800 Uncommon trap: reason=unstable_if action=reinterpret pc=0x00000273957b04f8 method=java.lang.AbstractStringBuilder.isLatin1()Z @ 10 c2
Event: 2.221 Thread 0x0000027389e27800 Uncommon trap: reason=unstable_if action=reinterpret pc=0x00000273957d9a58 method=terrains.Terrain.getHeight(IILjava/awt/image/BufferedImage;)F @ 21 c2

Classes redefined (0 events):
No events

Internal exceptions (8 events):
Event: 2.060 Thread 0x0000027389e27800 Exception <a 'java/lang/ClassNotFoundException'{0x0000000087b58b00}: sun/awt/resources/spi/awtProvider> (0x0000000087b58b00) thrown at [c:/BuildAgent/work/5ff2f6c26000d570/src/hotspot/share/classfile/systemDictionary.cpp, line 231]
Event: 2.093 Thread 0x0000027389e27800 Exception <a 'java/io/FileNotFoundException'{0x0000000087bc82d8}> (0x0000000087bc82d8) thrown at [c:/BuildAgent/work/5ff2f6c26000d570/src/hotspot/share/prims/jni.cpp, line 615]
Event: 2.107 Thread 0x0000027389e27800 Exception <a 'java/lang/NoSuchMethodError'{0x0000000087a23d10}: java.lang.invoke.DirectMethodHandle$Holder.invokeStatic(Ljava/lang/Object;Ljava/lang/Object;Ljava/lang/Object;Ljava/lang/Object;Ljava/lang/Object;Ljava/lang/Object;Ljava/lang/Object;Ljava/lan
Event: 2.110 Thread 0x0000027389e27800 Exception <a 'java/lang/NoSuchMethodError'{0x0000000087a31a80}: java.lang.invoke.DirectMethodHandle$Holder.invokeStatic(Ljava/lang/Object;Ljava/lang/Object;Ljava/lang/Object;Ljava/lang/Object;Ljava/lang/Object;Ljava/lang/Object;Ljava/lang/Object;Ljava/lan
Event: 2.112 Thread 0x0000027389e27800 Exception <a 'java/lang/NoSuchMethodError'{0x0000000087a3f6e8}: java.lang.invoke.DirectMethodHandle$Holder.invokeSpecial(Ljava/lang/Object;Ljava/lang/Object;IILjava/lang/Object;Ljava/lang/Object;Ljava/lang/Object;)Ljava/lang/Object;> (0x0000000087a3f6e8) 
Event: 2.113 Thread 0x0000027389e27800 Exception <a 'java/lang/NoSuchMethodError'{0x0000000087a42c70}: java.lang.invoke.DelegatingMethodHandle$Holder.reinvoke_L(Ljava/lang/Object;IILjava/lang/Object;Ljava/lang/Object;Ljava/lang/Object;)Ljava/lang/Object;> (0x0000000087a42c70) thrown at [c:/Bui
Event: 2.115 Thread 0x0000027389e27800 Exception <a 'java/lang/NoSuchMethodError'{0x0000000087a46ff8}: java.lang.invoke.DirectMethodHandle$Holder.invokeStatic(Ljava/lang/Object;Ljava/lang/Object;Ljava/lang/Object;Ljava/lang/Object;I)Ljava/lang/Object;> (0x0000000087a46ff8) thrown at [c:/BuildA
Event: 2.128 Thread 0x0000027389e27800 Exception <a 'java/io/FileNotFoundException'{0x0000000087aa9c30}> (0x0000000087aa9c30) thrown at [c:/BuildAgent/work/5ff2f6c26000d570/src/hotspot/share/prims/jni.cpp, line 615]

Events (10 events):
Event: 2.354 Thread 0x00000273ab516000 Thread added: 0x00000273ab516000
Event: 2.452 Thread 0x00000273aaf8c000 Thread exited: 0x00000273aaf8c000
Event: 3.088 loading class org/lwjgl/opengl/WindowsKeycodes
Event: 3.088 loading class org/lwjgl/opengl/WindowsKeycodes done
Event: 3.092 loading class toolbox/Maths
Event: 3.092 loading class toolbox/Maths done
Event: 3.868 Thread 0x0000027389e27800 DEOPT PACKING pc=0x000002738e412bf2 sp=0x0000009cecdff450
Event: 3.868 Thread 0x0000027389e27800 DEOPT UNPACKING pc=0x000002738dcf7f3f sp=0x0000009cecdfe9d8 mode 0
Event: 3.918 Thread 0x0000027389e27800 DEOPT PACKING pc=0x000002738e412bf2 sp=0x0000009cecdff450
Event: 3.918 Thread 0x0000027389e27800 DEOPT UNPACKING pc=0x000002738dcf7f3f sp=0x0000009cecdfe9d8 mode 0


Dynamic libraries:
0x00007ff6ecad0000 - 0x00007ff6ecb17000 	C:\Program Files\JetBrains\IntelliJ IDEA Community Edition 2019.2\jbr\bin\java.exe
0x00007ffc052c0000 - 0x00007ffc054b0000 	C:\Windows\SYSTEM32\ntdll.dll
0x00007ffc03d20000 - 0x00007ffc03dd2000 	C:\Windows\System32\KERNEL32.DLL
0x00007ffc02670000 - 0x00007ffc02913000 	C:\Windows\System32\KERNELBASE.dll
0x00007ffc03890000 - 0x00007ffc03a24000 	C:\Windows\System32\USER32.dll
0x00007ffc02b10000 - 0x00007ffc02b31000 	C:\Windows\System32\win32u.dll
0x00007ffc04ec0000 - 0x00007ffc04ee6000 	C:\Windows\System32\GDI32.dll
0x00007ffc02920000 - 0x00007ffc02ab4000 	C:\Windows\System32\gdi32full.dll
0x00007ffc02520000 - 0x00007ffc025be000 	C:\Windows\System32\msvcp_win.dll
0x00007ffc02420000 - 0x00007ffc0251a000 	C:\Windows\System32\ucrtbase.dll
0x00007ffbf3ba0000 - 0x00007ffbf3e25000 	C:\Windows\WinSxS\amd64_microsoft.windows.common-controls_6595b64144ccf1df_6.0.18362.418_none_e6c6b287130d565d\COMCTL32.dll
0x00007ffc046a0000 - 0x00007ffc0473e000 	C:\Windows\System32\msvcrt.dll
0x00007ffc03490000 - 0x00007ffc037c6000 	C:\Windows\System32\combase.dll
0x00007ffc03c00000 - 0x00007ffc03d20000 	C:\Windows\System32\RPCRT4.dll
0x00007ffc023a0000 - 0x00007ffc02420000 	C:\Windows\System32\bcryptPrimitives.dll
0x00007ffc04e90000 - 0x00007ffc04ebe000 	C:\Windows\System32\IMM32.DLL
0x00007ffbf9930000 - 0x00007ffbf9947000 	C:\Program Files\JetBrains\IntelliJ IDEA Community Edition 2019.2\jbr\bin\vcruntime140.dll
0x00007ffbe2fd0000 - 0x00007ffbe306d000 	C:\Program Files\JetBrains\IntelliJ IDEA Community Edition 2019.2\jbr\bin\msvcp140.dll
0x00007ffbc4400000 - 0x00007ffbc4eb7000 	C:\Program Files\JetBrains\IntelliJ IDEA Community Edition 2019.2\jbr\bin\server\jvm.dll
0x00007ffc03380000 - 0x00007ffc03423000 	C:\Windows\System32\ADVAPI32.dll
0x00007ffc037f0000 - 0x00007ffc03887000 	C:\Windows\System32\sechost.dll
0x00007ffc04690000 - 0x00007ffc04698000 	C:\Windows\System32\PSAPI.DLL
0x00007ffc002f0000 - 0x00007ffc00314000 	C:\Windows\SYSTEM32\WINMM.dll
0x00007ffbff5c0000 - 0x00007ffbff5c9000 	C:\Windows\SYSTEM32\WSOCK32.dll
0x00007ffbfdb80000 - 0x00007ffbfdb8a000 	C:\Windows\SYSTEM32\VERSION.dll
0x00007ffc05210000 - 0x00007ffc0527f000 	C:\Windows\System32\WS2_32.dll
0x00007ffc002c0000 - 0x00007ffc002ed000 	C:\Windows\SYSTEM32\WINMMBASE.dll
0x00007ffc02ac0000 - 0x00007ffc02b0a000 	C:\Windows\System32\cfgmgr32.dll
0x00007ffc021a0000 - 0x00007ffc021b1000 	C:\Windows\System32\kernel.appcore.dll
0x00007ffbfc2e0000 - 0x00007ffbfc2f1000 	C:\Program Files\JetBrains\IntelliJ IDEA Community Edition 2019.2\jbr\bin\verify.dll
0x00007ffbfadb0000 - 0x00007ffbfafa4000 	C:\Windows\SYSTEM32\DBGHELP.DLL
0x00007ffbfad80000 - 0x00007ffbfadaa000 	C:\Windows\SYSTEM32\dbgcore.DLL
0x00007ffbfc1e0000 - 0x00007ffbfc209000 	C:\Program Files\JetBrains\IntelliJ IDEA Community Edition 2019.2\jbr\bin\java.dll
0x00007ffbdb740000 - 0x00007ffbdb774000 	C:\Program Files\JetBrains\IntelliJ IDEA Community Edition 2019.2\jbr\bin\instrument.dll
0x00007ffbfa100000 - 0x00007ffbfa117000 	C:\Program Files\JetBrains\IntelliJ IDEA Community Edition 2019.2\jbr\bin\zip.dll
0x00007ffbfe7c0000 - 0x00007ffbfe7cb000 	C:\Program Files\JetBrains\IntelliJ IDEA Community Edition 2019.2\jbr\bin\jimage.dll
0x00007ffc03de0000 - 0x00007ffc044c5000 	C:\Windows\System32\SHELL32.dll
0x00007ffc05160000 - 0x00007ffc05209000 	C:\Windows\System32\shcore.dll
0x00007ffc02bf0000 - 0x00007ffc0336f000 	C:\Windows\System32\windows.storage.dll
0x00007ffc021c0000 - 0x00007ffc021df000 	C:\Windows\System32\profapi.dll
0x00007ffc02200000 - 0x00007ffc0224a000 	C:\Windows\System32\powrprof.dll
0x00007ffc02190000 - 0x00007ffc021a0000 	C:\Windows\System32\UMPDC.dll
0x00007ffc03430000 - 0x00007ffc03482000 	C:\Windows\System32\shlwapi.dll
0x00007ffc02ba0000 - 0x00007ffc02bb7000 	C:\Windows\System32\cryptsp.dll
0x00007ffbfa030000 - 0x00007ffbfa04a000 	C:\Program Files\JetBrains\IntelliJ IDEA Community Edition 2019.2\jbr\bin\net.dll
0x00007ffbf8ff0000 - 0x00007ffbf91c6000 	C:\Windows\SYSTEM32\urlmon.dll
0x00007ffbf8c40000 - 0x00007ffbf8d30000 	C:\Windows\SYSTEM32\WINHTTP.dll
0x00007ffbf8010000 - 0x00007ffbf82b6000 	C:\Windows\SYSTEM32\iertutil.dll
0x00007ffc01b70000 - 0x00007ffc01b7c000 	C:\Windows\SYSTEM32\CRYPTBASE.DLL
0x00007ffc019a0000 - 0x00007ffc01a07000 	C:\Windows\system32\mswsock.dll
0x00007ffbf9e10000 - 0x00007ffbf9e24000 	C:\Program Files\JetBrains\IntelliJ IDEA Community Edition 2019.2\jbr\bin\nio.dll
0x00007ffbf1dc0000 - 0x00007ffbf1dda000 	C:\Program Files\JetBrains\IntelliJ IDEA Community Edition 2019.2\bin\breakgen64.dll
0x0000000180000000 - 0x0000000180053000 	C:\Users\maglew\IdeaProjects\GodFace\lib\natives\lwjgl64.dll
0x00007ffbdc190000 - 0x00007ffbdc2e6000 	C:\Windows\SYSTEM32\OPENGL32.dll
0x00007ffbf9790000 - 0x00007ffbf97bc000 	C:\Windows\SYSTEM32\GLU32.dll
0x00007ffc00e00000 - 0x00007ffc00e20000 	C:\Windows\SYSTEM32\dxcore.dll
0x00007ffbf56b0000 - 0x00007ffbf575e000 	C:\Windows\SYSTEM32\mscms.dll
0x00007ffc02080000 - 0x00007ffc020a5000 	C:\Windows\SYSTEM32\USERENV.dll
0x00007ffbf5690000 - 0x00007ffbf56a7000 	C:\Windows\SYSTEM32\ColorAdapterClient.dll
0x00007ffc05030000 - 0x00007ffc050f4000 	C:\Windows\System32\OLEAUT32.dll
0x00007ffc047c0000 - 0x00007ffc04862000 	C:\Windows\System32\clbcatq.dll
0x00007ffbdfd30000 - 0x00007ffbdfd4a000 	C:\Windows\System32\Windows.Internal.Graphics.Display.DisplayColorManagement.dll
0x00007ffc00940000 - 0x00007ffc009d9000 	C:\Windows\system32\uxtheme.dll
0x00007ffc04ef0000 - 0x00007ffc05026000 	C:\Windows\System32\MSCTF.dll
0x000000005dba0000 - 0x000000005fe67000 	C:\Windows\SYSTEM32\nvoglv64.DLL
0x00007ffc04870000 - 0x00007ffc04ce0000 	C:\Windows\System32\SETUPAPI.dll
0x00007ffc02bc0000 - 0x00007ffc02be6000 	C:\Windows\System32\bcrypt.dll
0x00007ffc03aa0000 - 0x00007ffc03bf6000 	C:\Windows\System32\ole32.dll
0x00007ffbfe1f0000 - 0x00007ffbfe203000 	C:\Windows\SYSTEM32\WTSAPI32.dll
0x00007ffc01f30000 - 0x00007ffc01f5a000 	C:\Windows\SYSTEM32\DEVOBJ.dll
0x00007ffc02b40000 - 0x00007ffc02b9c000 	C:\Windows\System32\WINTRUST.dll
0x00007ffc021e0000 - 0x00007ffc021f2000 	C:\Windows\System32\MSASN1.dll
0x00007ffc02250000 - 0x00007ffc02399000 	C:\Windows\System32\CRYPT32.dll
0x00007ffc011f0000 - 0x00007ffc01221000 	C:\Windows\SYSTEM32\ntmarta.dll
0x00007ffc00a10000 - 0x00007ffc00a3d000 	C:\Windows\system32\dwmapi.dll
0x00007ffbfb9a0000 - 0x00007ffbfba3e000 	C:\Windows\System32\TextInputFramework.dll
0x00007ffbfb670000 - 0x00007ffbfb99a000 	C:\Windows\System32\CoreUIComponents.dll
0x00007ffc00010000 - 0x00007ffc000e4000 	C:\Windows\System32\CoreMessaging.dll
0x00007ffbfe2b0000 - 0x00007ffbfe403000 	C:\Windows\SYSTEM32\wintypes.dll
0x00007ffbdac90000 - 0x00007ffbdacd3000 	C:\Windows\SYSTEM32\icm32.dll
0x00007ffc01f80000 - 0x00007ffc01fdc000 	C:\Windows\SYSTEM32\WINSTA.dll
0x00007ffbdace0000 - 0x00007ffbdae82000 	C:\Program Files\JetBrains\IntelliJ IDEA Community Edition 2019.2\jbr\bin\awt.dll
0x00007ffbfea80000 - 0x00007ffbff040000 	C:\Windows\SYSTEM32\d2d1.dll
0x00007ffc00320000 - 0x00007ffc003af000 	C:\Windows\SYSTEM32\apphelp.dll

dbghelp: loaded successfully - version: 4.0.5 - missing functions: none
symbol engine: initialized successfully - sym options: 0x614 - pdb path: .;C:\Program Files\JetBrains\IntelliJ IDEA Community Edition 2019.2\jbr\bin;C:\Windows\SYSTEM32;C:\Windows\WinSxS\amd64_microsoft.windows.common-controls_6595b64144ccf1df_6.0.18362.418_none_e6c6b287130d565d;C:\Program Files\JetBrains\IntelliJ IDEA Community Edition 2019.2\jbr\bin\server;C:\Program Files\JetBrains\IntelliJ IDEA Community Edition 2019.2\bin;C:\Users\maglew\IdeaProjects\GodFace\lib\natives

VM Arguments:
jvm_args: -Djava.library.path=C:\Users\maglew\IdeaProjects\GodFace\lib\natives -javaagent:C:\Program Files\JetBrains\IntelliJ IDEA Community Edition 2019.2\lib\idea_rt.jar=50442:C:\Program Files\JetBrains\IntelliJ IDEA Community Edition 2019.2\bin -Dfile.encoding=UTF-8 
java_command: core.Launcher
java_class_path (initial): C:\Users\maglew\IdeaProjects\GodFace\out\production\GodFace;C:\Users\maglew\IdeaProjects\GodFace\lib\jars\lwjgl.jar;C:\Users\maglew\IdeaProjects\GodFace\lib\jars\lwjgl_util.jar;C:\Users\maglew\IdeaProjects\GodFace\lib\jars\slick-util.jar;C:\Users\maglew\IdeaProjects\GodFace\lib\jars\PNGDecoder.jar
Launcher Type: SUN_STANDARD

[Global flags]
     intx CICompilerCount                          = 3                                         {product} {ergonomic}
     uint ConcGCThreads                            = 1                                         {product} {ergonomic}
     uint G1ConcRefinementThreads                  = 4                                         {product} {ergonomic}
   size_t G1HeapRegionSize                         = 1048576                                   {product} {ergonomic}
    uintx GCDrainStackTargetSize                   = 64                                        {product} {ergonomic}
   size_t InitialHeapSize                          = 134217728                                 {product} {ergonomic}
   size_t MarkStackSize                            = 4194304                                   {product} {ergonomic}
   size_t MaxHeapSize                              = 2143289344                                {product} {ergonomic}
   size_t MaxNewSize                               = 1285554176                                {product} {ergonomic}
   size_t MinHeapDeltaBytes                        = 1048576                                   {product} {ergonomic}
    uintx NonNMethodCodeHeapSize                   = 5830092                                {pd product} {ergonomic}
    uintx NonProfiledCodeHeapSize                  = 122914074                              {pd product} {ergonomic}
    uintx ProfiledCodeHeapSize                     = 122914074                              {pd product} {ergonomic}
    uintx ReservedCodeCacheSize                    = 251658240                              {pd product} {ergonomic}
     bool SegmentedCodeCache                       = true                                      {product} {ergonomic}
     bool UseCompressedClassPointers               = true                                 {lp64_product} {ergonomic}
     bool UseCompressedOops                        = true                                 {lp64_product} {ergonomic}
     bool UseG1GC                                  = true                                      {product} {ergonomic}
     bool UseLargePagesIndividualAllocation        = false                                  {pd product} {ergonomic}

Logging:
Log output configuration:
 #0: stdout all=warning uptime,level,tags
 #1: stderr all=off uptime,level,tags

Environment Variables:
PATH=C:\Windows\system32;C:\Windows;C:\Windows\System32\Wbem;C:\Windows\System32\WindowsPowerShell\v1.0\;C:\Windows\System32\OpenSSH\;C:\Program Files\dotnet\;C:\Program Files\Git\cmd;C:\Program Files\nodejs\;C:\Program Files\Microsoft SQL Server\130\Tools\Binn\;C:\Program Files\Microsoft SQL Server\Client SDK\ODBC\170\Tools\Binn\;C:\Users\maglew\AppData\Local\Microsoft\WindowsApps;C:\Users\maglew\AppData\Roaming\npm
USERNAME=maglew
OS=Windows_NT
PROCESSOR_IDENTIFIER=AMD64 Family 18 Model 1 Stepping 0, AuthenticAMD



---------------  S Y S T E M  ---------------

OS: Windows 10 , 64 bit Build 18362 (10.0.18362.329)

CPU:total 4 (initial active 4) (4 cores per cpu, 1 threads per core) family 18 model 1 stepping 0, cmov, cx8, fxsr, mmx, sse, sse2, sse3, popcnt, mmxext, 3dnowpref, lzcnt, sse4a, tsc, tscinvbit, tscinv

Memory: 4k page, system-wide physical 8171M (2827M free)
TotalPageFile size 10417M (AvailPageFile size 2293M)
current process WorkingSet (physical memory assigned to process): 122M, peak: 149M
current process commit charge ("private bytes"): 305M, peak: 332M

vm_info: OpenJDK 64-Bit Server VM (11.0.3+12-b304.56) for windows-amd64 JRE (11.0.3+12-b304.56), built on Sep  3 2019 10:54:25 by "" with MS VC++ 14.0 (VS2015)

END.
